Model: resnet50
Dataset size: 50000
FLOPs per instance: 4109669376
Average time per forward pass: 0.0007463957858093254
Training time per epoch: 37.35561628818512
Per batch inference latency (batch size 1): 151.01580810546875
Per batch inference latency (batch size 2): 47.66579055786133
Per batch inference latency (batch size 4): 42.961727142333984
Per batch inference latency (batch size 8): 43.294368743896484
Per batch inference latency (batch size 16): 43.982975006103516
Per batch inference latency (batch size 32): 47.05436706542969
Per batch inference latency (batch size 64): 52.98735809326172
Per batch inference latency (batch size 128): 88.40806579589844
Per batch inference latency (batch size 256): 168.2761993408203
Per batch GPU memory consumption (batch size 1): 231
Per batch GPU memory consumption (batch size 2): 232
Per batch GPU memory consumption (batch size 4): 255
Per batch GPU memory consumption (batch size 8): 252
Per batch GPU memory consumption (batch size 16): 342
Per batch GPU memory consumption (batch size 32): 453
Per batch GPU memory consumption (batch size 64): 772
Per batch GPU memory consumption (batch size 128): 1446
Per batch GPU memory consumption (batch size 256): 2793
Validation Loss: 0.8532
Validation Accuracy: 81.93%
